500
4 496 493 491 489
4 488 487 485 483
4 481 480 479 478
4 477 476 471 470
4 469 466 465 464
4 458 457 456 440
4 436 435 428 426
4 418 417 416 415
4 413 408 406 404
4 402 398 393 389
4 386 383 382 381
4 380 374 370 368
4 366 357 355 354
4 349 346 344 343
4 342 340 338 335
4 331 327 323 321
4 318 317 316 314
4 313 312 309 308
4 305 303 297 296
4 293 291 290 287
4 281 275 272 270
4 265 262 260 257
4 255 253 250 248
4 246 243 241 239
4 238 232 229 228
4 227 224 223 222
4 220 216 215 211
4 209 206 205 202
4 194 191 184 183
4 179 178 176 173
4 171 169 168 167
4 161 157 150 146
4 145 143 142 140
4 137 135 134 133
4 131 130 127 126
4 125 122 118 110
4 103 102 98 96
4 94 88 87 85
4 84 83 82 77
4 75 74 68 67
4 63 62 58 57
4 53 51 49 43
4 42 39 37 30
4 9 4 2 494
4 490 468 461 460
4 453 450 446 432
4 425 411 401 395
4 390 379 378 377
4 373 372 365 363
4 361 359 347 341
4 339 332 325 307
4 304 295 289 285
4 284 282 280 274
4 269 267 259 254
4 251 247 245 244
4 237 233 226 217
4 207 204 200 198
4 195 186 185 174
4 172 164 160 153
4 152 151 148 144
3 138 136 132
3 129 128 124
3 119 116 115
3 114 112 109
3 107 106 104
3 101 100 95
3 92 81 80
3 79 78 76
3 70 69 66
3 59 56 54
3 50 46 45
3 44 41 40
3 36 32 29
3 27 26 25
3 22 16 497
3 474 472 467
3 459 449 447
3 444 442 438
3 437 431 429
3 427 424 422
3 412 407 403
3 400 399 397
3 394 392 391
3 388 384 375
3 364 362 353
3 351 348 345
3 336 328 302
3 294 283 278
3 276 268 263
3 242 235 230
3 225 218 214
3 203 201 192
3 188 180 177
3 163 162 159
3 149 139 123
3 121 117 105
3 99 91 90
3 89 71 65
3 55 31 24
3 23 18 13
3 10 8 6
3 3 499 498
3 473 455 445
3 439 433 430
3 419 409 405
3 396 387 385
3 367 360 356
3 324 320 311
3 292 288 277
3 273 271 258
3 249 240 236
3 231 219 208
3 199 193 187
3 181 175 147
3 61 60 34
3 20 19 15
3 5 486 475
3 463 452 451
3 448 434 376
3 371 350 329
2 310 298
2 264 261
2 234 221
2 210 166
2 155 113
2 111 108
2 52 48
2 38 0
2 495 484
2 462 443
2 410 337
2 319 301
2 266 213
2 182 170
2 158 156
2 141 120
2 73 72
2 64 11
2 492 414
2 358 352
2 334 212
2 189 154
2 86 17
2 7 454
2 421 330
2 322 315
2 306 299
2 279 256
2 21 14
2 1 482
2 326 300
2 165 47
2 33 12
2 441 423
2 420 369
2 333 286
2 252 197
2 196 190
2 97 93
2 35 28
