4965
4 9918 9824 9780 9738
4 9581 9517 9494 9467
4 9441 9420 9093 9061
4 8971 8916 8795 8691
4 8680 8619 8575 8538
4 8492 8490 8457 8404
4 8362 8350 8225 8218
4 8169 8069 8005 7908
4 7810 7774 7708 7641
4 7552 7469 7446 7291
4 7189 7169 7144 7039
4 6987 6906 6874 6795
4 6775 6712 6552 6399
4 6276 6271 5762 5630
4 5385 5291 5270 5139
4 5112 5004 5000 4934
4 4748 4722 4603 4543
4 4459 4347 4265 4264
4 3962 3959 3850 3800
4 3720 3551 3460 3378
4 3288 3285 3277 3206
4 3130 2989 2975 2971
4 2684 2609 2593 2404
4 2273 2258 2247 2217
4 2063 2048 2014 1842
4 1790 1736 1577 1566
4 1432 1387 1367 1363
4 1300 1262 1244 817
4 783 770 722 701
4 494 420 350 92
4 9953 9850 9725 9567
4 9481 9460 9454 9428
4 9417 9300 9067 8993
4 8989 8910 8800 8787
4 8403 8249 8207 8120
4 8102 8092 8074 8046
4 7790 7680 7312 7226
4 7114 7082 7054 6936
4 6898 6867 6736 6594
4 6469 6433 6408 6383
4 6327 6267 6221 6138
4 6116 6084 5933 5759
4 5626 5475 5414 5381
4 5312 5258 5243 5165
4 5119 5116 5016 4921
4 4903 4889 4853 4687
4 4497 4462 4432 4276
4 4275 4207 4072 4017
4 3858 3836 3652 3436
4 3390 3336 3294 3282
4 3252 3230 3185 2986
4 2943 2719 2677 2655
4 2618 2465 2341 2290
4 2287 2223 2151 1910
4 1879 1771 1739 1651
4 1573 1370 1309 1280
4 1257 1072 1011 944
4 929 882 857 663
4 551 375 246 205
4 102 35 9998 9923
4 9607 9388 9381 9353
4 9308 9287 9169 9125
4 9116 8914 8840 8825
4 8520 8514 8280 8192
4 8191 8096 8050 7941
4 7650 7589 7452 7448
4 7338 7133 7034 7021
4 6980 6722 6696 6475
4 6431 6418 6325 6159
4 6139 5629 5620 5590
4 5587 5477 5319 5186
4 5062 4601 4493 4241
4 3955 3831 3778 3766
4 3576 3550 3545 3461
4 3441 3406 3380 2991
4 2904 2853 2764 2643
4 2641 2588 2413 2369
4 2317 2111 2005 1719
4 1603 1500 1420 1398
4 1380 1360 1342 1251
4 1014 932 914 655
4 588 539 320 155
4 73 15 9939 9898
4 9740 9704 9290 9228
4 9127 8959 8765 8666
4 8512 8121 8054 8029
4 7933 7811 7705 7597
4 7450 7348 7323 7182
4 7113 7035 6991 6878
4 6710 6503 6360 6236
4 6103 6043 5999 5857
4 5634 5618 5552 5440
4 5228 5221 5202 4998
4 4968 4743 4593 4589
4 4576 4541 4536 4114
4 4084 4008 3931 3742
4 3682 3603 3571 3535
4 3533 3387 3384 3377
4 3197 3081 2945 2638
4 2581 2519 2507 2455
4 2017 1828 1795 1792
4 1641 1493 1468 1463
4 1247 1245 1112 743
4 563 440 429 99
4 9992 9967 9947 9817
4 9796 9782 9708 9537
4 9477 9445 9395 9334
4 9317 9132 9113 8974
4 8678 8649 8587 8574
4 8481 8445 8416 8300
4 8271 8226 8217 7738
4 7575 7396 7379 7203
4 7029 6855 6658 6461
4 6369 6303 6295 6251
4 6217 6190 6182 6086
4 6048 5971 5937 5878
4 5818 5684 5597 5403
4 5394 5069 4812 4759
4 4749 4686 4680 4580
4 4418 4310 4145 4130
4 4111 3876 3755 3751
4 3732 3572 3525 3435
4 3198 2871 2832 2778
4 2721 2640 2286 2132
4 1950 1940 1938 1893
4 1776 1757 1752 1748
4 1662 1457 1343 1274
4 1236 1123 1108 1104
4 1025 927 713 680
4 569 528 524 470
4 368 266 135 116
4 52 9980 9979 9949
4 9916 9878 9808 9666
4 9640 9480 9455 9412
4 9351 9147 9112 9040
4 9012 8953 8764 8428
4 8255 8188 8157 8041
4 8024 7503 7477 7455
4 7378 7376 7358 7160
4 7107 6916 6909 6597
4 6523 6200 6066 5826
4 5560 5555 5486 5447
4 5092 4999 4864 4760
4 4755 4349 4180 4159
4 4086 4039 3970 3908
4 3868 3829 3815 3642
4 3459 3393 3287 3245
4 3215 3152 3116 3100
4 3094 2845 2767 2760
4 1901 1772 1676 1617
4 1448 1408 1310 1241
4 1185 1033 989 724
4 223 167 9940 9783
4 9509 9396 9053 8905
4 8892 8887 8782 8693
4 8483 8467 8279 8048
4 7456 7328 7317 7244
4 7053 6970 6872 6820
4 6241 6004 5984 5893
4 5650 5405 5050 5033
4 4941 4897 4872 4606
4 4396 4350 4342 4253
4 4199 4181 4152 4081
4 4051 4024 4015 3960
4 3957 3826 3699 3490
4 3430 3319 3148 3056
4 3032 2753 2735 2637
4 2366 2145 1844 1769
4 1455 1434 1428 1379
4 1169 1017 779 625
4 506 495 344 259
4 9997 9809 9758 9731
4 9541 9510 9452 9442
4 9422 9310 9279 9191
4 9109 8949 8843 8706
4 8622 8515 8301 8243
4 7837 7816 7784 7754
4 7722 7304 6802 6793
4 6758 6588 6422 6386
4 6194 6067 6061 5976
4 5735 5673 5654 5571
4 5565 5390 5374 5354
4 5230 5109 4905 4799
4 4654 4590 4471 4454
4 4364 4304 4166 4125
4 3979 3921 3711 3701
4 3627 3589 3556 3404
4 3388 3151 3093 2923
4 2869 2865 2844 2780
4 2679 2644 2491 2445
4 2302 2069 1855 1785
4 1730 1458 1456 1325
4 1314 1144 1089 1019
4 981 971 125 36
4 9925 9897 9831 9827
4 9518 9472 9402 9288
4 9064 9058 9049 8973
4 8943 8769 8705 8627
4 8427 8385 8315 8184
4 7765 7762 7701 7630
4 7609 7538 7411 7242
4 7084 7070 7027 6877
4 6732 6667 6608 6322
4 6207 6204 6092 6091
4 6071 6013 5930 5871
4 5704 5695 5348 5344
4 5143 4927 4869 4745
4 4673 4597 4499 4348
4 4338 4303 4201 4068
4 3779 3713 3709 3462
4 3359 3236 3200 3190
4 3160 2984 2973 2965
4 2938 2851 2815 2714
4 2670 2667 2458 2276
4 2130 2090 2078 2040
4 2037 1926 1913 1721
4 1365 1255 1067 1048
4 994 897 841 747
4 718 702 518 339
4 276 9753 9707 9476
4 9170 8937 8723 8664
4 8544 8402 8285 8033
4 8025 7976 7930 7763
4 7720 7619 7325 7193
4 7073 6954 6768 6729
4 6515 6164 5858 5855
4 5846 5843 5780 5738
4 5737 5679 5605 5434
4 5288 5103 4862 4586
4 4460 4420 4395 4250
4 4003 3999 3974 3946
4 3872 3723 3659 3520
4 3456 3162 3103 3071
4 3036 2914 2822 2791
4 2777 2675 2654 2613
4 2524 2446 2338 2197
4 2187 2158 2053 2032
4 2031 2015 2004 1896
4 1674 1520 1425 1394
4 1239 1215 1126 1028
4 843 721 707 665
4 497 479 454 426
4 397 387 330 109
4 9653 9598 9531 9461
4 9389 8921 8790 8580
4 8484 8378 8352 8295
4 8234 8125 7867 7687
4 7582 7572 7562 7505
4 7428 7285 6908 6895
4 6879 6863 6555 6041
4 5805 5761 5572 5507
4 5500 5372 5334 5307
4 5248 5204 5114 5071
4 4849 4831 4744 4730
4 4624 4378 4302 4067
4 3770 3740 3733 3342
4 3264 3232 3180 3143
4 3067 2992 2894 2893
4 2868 2855 2606 2542
4 2387 2350 2099 1900
4 1680 1637 1486 1312
4 1232 1069 913 861
4 543 535 488 286
4 9924 9790 9756 9688
4 9683 9497 9335 9306
4 9202 9056 8976 8884
4 8802 8674 8630 8621
4 8589 8489 8482 8216
4 8088 7974 7874 7806
4 7437 7435 7282 7199
4 7161 7044 6978 6786
4 6449 6397 6238 6211
4 6165 6032 6001 5567
4 5502 5408 5318 5301
4 4909 4908 4815 4585
4 4401 4383 4029 4021
4 3986 3725 3604 3433
4 3182 3139 3010 2497
4 2478 2440 2322 2321
4 2135 2027 1921 1906
4 1816 1630 1242 1121
4 969 694 679 661
4 548 442 317 9697
4 9630 9466 9077 8926
4 8917 8869 8847 8710
4 8444 8414 8394 8339
4 8324 8262 8071 7940
4 7769 7714 7601 7497
4 7449 7366 7280 6896
4 6813 6717 6626 6502
4 6465 6362 5987 5667
4 5645 5506 5468 5445
4 5320 5089 5031 4970
4 4836 4805 4652 4587
4 4485 4476 4472 4366
4 4295 4168 4162 3998
4 3920 3726 3421 3351
4 3304 3231 3065 2880
4 2816 2768 2755 2625
4 2547 2534 2482 2414
4 2394 2374 2263 2119
4 2034 1991 1797 1643
4 1560 1446 1417 1125
4 1098 1051 933 852
4 758 647 560 166
4 104 90 79 9801
4 9760 9657 9103 9071
4 9034 8885 8386 8369
4 8358 8178 8126 7947
4 7860 7846 7685 7563
4 7537 7519 7468 7234
4 7191 6997 6883 6292
4 6287 6214 5975 5955
4 5932 5623 5459 5326
4 5226 4974 4776 4751
4 4719 4626 4385 4261
4 4118 4073 4049 3989
4 3967 3900 3886 3767
4 3706 3661 3631 3609
4 3601 3548 3183 3166
4 3098 2995 2926 2742
4 2738 2710 2496 2403
4 2315 2284 2261 2093
4 1916 1914 1875 1863
4 1760 1710 1472 1397
4 980 951 946 879
4 830 599 547 474
4 84 9938 9937 9915
4 9739 9676 9373 9277
4 9268 9167 9001 8920
4 8909 8841 8799 8704
4 8656 8531 8488 8460
4 8448 8317 8182 8057
4 8051 7912 7747 7707
4 7598 7354 7188 6995
4 6951 6926 6861 6568
4 6486 6464 6437 6424
4 6346 6335 6317 6299
4 5827 5784 5775 5716
4 5711 5687 5564 5433
4 4947 4784 4779 4481
4 4336 4324 4268 4225
4 4210 3982 3650 3592
4 3468 3429 3163 3140
4 3113 3040 2616 2576
4 2438 2256 2189 2114
4 2113 2041 1997 1894
4 1657 1272 1246 1204
4 790 751 710 692
4 584 580 501 490
4 445 351 231 113
4 100 29 9919 9845
4 9757 9654 9515 9378
4 9315 9110 8480 8476
4 8341 8149 8072 7952
4 7926 7904 7767 7612
4 7560 7506 7482 7472
4 7331 7297 7205 7181
4 7141 7056 7012 7004
4 6893 6657 6601 6394
4 6385 6333 6047 5988
4 5707 5656 5490 5425
4 5154 4824 4785 4772
4 4362 4278 4204 4190
4 4071 4061 3814 3805
4 2682 2639 2559 2539
4 2501 2493 2487 2441
4 2434 1784 1779 1697
4 1659 1600 1419 1175
4 1034 905 787 664
4 460 243 212 46
4 9956 9705 9358 9163
4 9133 9033 8718 8690
4 8357 8349 8288 8281
4 8208 8175 8066 8060
4 8042 8018 7691 7520
4 7355 7294 7277 7269
4 7126 7006 6889 6847
4 6587 6532 6349 6218
4 6140 5927 5821 5743
4 5708 5659 5541 5525
4 5484 5392 5283 5087
4 5065 4984 4803 4765
4 4448 4391 4282 4101
4 4083 3013 3005 2867
4 2833 2830 2761 2708
4 2494 2430 2429 2177
4 1927 1823 1791 1780
4 1746 1715 1702 1482
4 1449 1390 1362 1193
4 925 873 853 813
4 731 705 416 354
4 334 9983 9874 9857
4 9743 9674 9492 9242
4 9231 8983 8980 8935
4 8871 8830 8798 8743
4 8687 8577 8343 8296
4 8290 7935 7836 7746
4 7214 7195 7173 7158
4 6941 6911 6884 6816
4 6779 6598 6589 6575
4 6489 6439 6376 6298
4 6172 6115 5669 5647
4 5524 5520 5438 5402
4 5144 4878 4800 4778
4 4647 4615 4431 4382
4 4129 3764 3653 3514
4 3465 3397 3317 3238
4 3034 2960 2958 2896
4 2787 2737 2648 2615
4 2182 2073 1798 1759
4 1660 1356 1293 1281
4 1007 941 755 732
4 685 592 366 345
4 9841 9791 9766 9587
4 9574 9408 9404 9216
4 9203 9141 9095 8999
4 8858 8518 8327 8261
4 8260 7955 7869 7838
4 7817 7776 7470 7324
4 7028 6943 6785 6716
4 6624 5990 5911 5532
4 5435 5411 5337 5232
4 5102 4569 4528 4397
4 4319 4223 4213 4212
4 4183 4023 3776 3597
4 3594 3569 3537 3507
4 3305 3168 3128 3014
4 2849 2788 2626 2396
4 2339 2250 2209 2156
4 2071 1945 1675 1629
4 1156 1041 991 624
4 408 399 386 340
4 285 126 50 9909
4 9672 9665 9405 9185
4 8922 8904 8846 8623
4 8335 8145 7998 7879
4 7723 7702 7676 7485
4 7351 7336 7284 7146
4 7137 6728 6695 6672
4 6117 6113 5880 5841
4 5830 5452 5335 5314
4 5305 5269 5076 5039
4 5011 4991 4881 4838
4 4707 4560 4368 4346
4 4332 4296 4189 4182
4 4087 4045 4033 3981
4 3881 3710 3613 3524
4 3470 3000 2940 2901
4 2784 2623 2362 2214
4 2183 2118 1786 1722
4 1682 1666 1392 1368
4 1240 1173 1150 1053
4 1030 952 945 891
4 878 807 353 282
4 247 80 9777 9615
4 9579 9516 9439 9304
4 9292 9177 9088 9079
4 9052 8939 8925 8901
4 8896 8856 8818 8809
4 8724 8700 8634 8583
4 8140 8106 8055 8030
4 7968 7910 7750 7718
4 7644 7604 7422 7303
4 6974 6826 6791 6691
4 6688 6665 6538 6355
4 5806 5797 5662 5638
4 5497 5455 5300 5249
4 5194 5152 5130 4817
4 4753 4682 4629 4542
4 4455 4289 4178 4096
4 4085 3910 3855 3702
4 3676 3606 3599 3538
4 3291 3184 3175 3069
4 2981 2624 2421 2416
4 2346 2139 2092 1498
4 1441 1431 1375 1229
4 963 869 855 851
4 712 557 233 42
4 9928 9639 9520 9262
4 9184 9118 8982 8888
4 8699 8588 8510 8307
4 8294 8266 8111 8105
4 8091 7728 7698 7615
4 7495 7402 6977 6892
4 6789 6759 6689 6413
4 6089 6030 5923 5922
4 5712 5478 5093 4900
4 4809 4729 4643 4510
4 4404 4380 4203 4146
4 3964 3952 3737 3687
4 3605 3512 3452 3418
4 3345 3250 2979 2820
4 2528 2450 2449 2360
4 2312 2292 2195 1962
4 1919 1565 1545 1291
4 1264 1092 1026 1024
4 742 699 585 176
4 75 48 9936 9911
4 9875 9840 9503 9449
4 9440 9401 9293 9080
4 8852 8741 8611 8590
4 8433 8421 8330 8308
4 8306 8112 7997 7865
4 7798 7779 7621 7440
4 7128 7023 6992 6955
4 6928 6798 6653 6642
4 6609 6530 6372 5795
4 5637 5562 5431 5393
4 5285 5284 5115 5022
4 4945 4552 4539 4526
4 4343 4316 4281 4171
4 4140 4075 3976 3923
4 3851 3372 3365 3061
4 2917 2599 2233 1782
4 1692 1670 1604 1528
4 1389 1384 1128 918
4 890 874 744 667
4 564 484 324 310
4 232 98 9847 9668
4 9652 9619 9562 9558
4 9504 9482 9435 9430
4 8948 8946 8668 8496
4 8471 8146 8076 7775
4 7566 7271 7256 7232
4 7225 7213 6603 6573
4 6455 6318 6173 6080
4 6070 6037 6011 5953
4 5787 5519 5450 5352
4 5195 5184 5110 5084
4 4915 4866 4677 4566
4 4563 4186 4105 4007
4 3996 3954 3937 3919
4 3786 3630 3575 3574
4 3510 3483 3207 2701
4 2477 2454 2354 1834
4 1304 1269 1268 985
4 824 754 748 657
4 617 389 377 129
4 122 5 9805 9522
4 9416 9391 8755 8565
4 8459 8364 8360 8162
4 8082 8070 7996 7755
4 7301 7157 7076 6946
4 6910 6891 6572 6564
4 6525 6235 6020 5942
4 5934 5703 5561 5264
4 5261 5126 5078 5034
4 4683 4665 4612 4242
4 3938 3874 3738 3688
4 3410 3369 3303 3241
4 3063 2813 2650 2448
4 2408 2392 2236 2079
4 1773 1644 1607 1548
4 1543 1481 1354 1334
4 1003 816 749 552
4 265 134 14 9889
4 9565 9508 9463 9285
4 9142 9025 8958 8912
4 8783 8558 8408 8245
4 8014 7885 7508 7420
4 7009 6865 6760 6482
4 6347 6268 6122 5646
4 5575 5421 5292 5290
4 5223 5145 5124 5037
4 5025 5002 4463 4326
4 4299 4192 4117 4056
4 3861 3833 3832 3771
4 3758 3739 2913 2856
4 2800 2774 2574 2319
4 2266 2257 2219 2188
4 2180 2133 2077 2056
4 1960 1738 1709 1689
4 1596 1537 1451 1414
4 1222 975 369 367
4 364 261 9994 9913
4 9899 9834 9642 9273
4 9069 8902 8738 8720
4 8504 8390 8337 8313
4 8205 8194 7905 7780
4 7473 7390 7353 7147
4 7115 6966 6900 6819
4 6780 6646 6505 6462
4 6181 6145 6124 6027
4 5992 5868 5861 5810
3 5801 5764 5664
3 5648 5501 5315
3 5216 4955 4854
3 4835 4825 4484
3 4437 4424 4321
3 4315 4169 3934
3 3864 3703 3646
3 3489 3432 3269
3 3237 3122 3101
3 3003 2998 2915
3 2840 2826 2779
3 2748 2383 2355
3 2150 2146 2058
3 1925 1907 1903
3 1887 1572 1352
3 1349 1038 996
3 907 438 357
3 327 127 43
3 26 19 9893
3 9702 9687 9512
3 9432 9343 9195
3 9144 8582 8370
3 8151 8020 8013
3 7487 7414 7403
3 7240 7051 7016
3 6949 6934 6931
3 6886 6838 6781
3 6663 6561 6546
3 6442 6310 6250
3 5935 5739 5546
3 5465 5396 5349
3 5159 5142 5075
3 4931 4827 4446
3 4329 4294 3649
3 3614 3568 3448
3 3398 3298 3289
3 3224 2918 2846
3 2699 2646 2460
3 2361 2283 2255
3 1990 1815 1687
3 1672 1503 1373
3 1301 892 792
3 772 716 476
3 447 436 400
3 105 95 9762
3 9750 9671 9627
3 9385 9115 8450
3 8270 7999 7709
3 7605 7478 7373
3 7124 7080 6929
3 6907 6869 6790
3 6764 6566 6521
3 6440 6348 6338
3 6324 6219 6131
3 6059 6056 6029
3 5996 5867 5847
3 5753 5746 5723
3 5715 5608 5582
3 5415 4924 4345
3 4219 4154 4010
3 3735 3562 3554
3 3403 3284 3249
3 3221 3192 3181
3 3045 3043 3007
3 2969 2818 2729
3 2617 2419 2409
3 2103 1966 1957
3 1605 1602 1592
3 1442 1327 1213
3 1143 1124 1052
3 595 331 21
3 9989 9982 9835
3 9826 9727 9596
3 9593 9501 9364
3 9349 8781 8566
3 8550 8371 8354
3 8130 8127 8124
3 8095 7576 7548
3 7143 6894 6501
3 6247 6191 6083
3 6045 5997 5802
3 5706 5420 5306
3 4901 4820 4608
3 4570 4548 4411
3 4270 4256 4138
3 3958 3943 3865
3 3532 3320 3234
3 2810 2763 2471
3 2443 2391 2194
3 2109 1974 1933
3 1905 1871 1698
3 1623 1163 838
3 810 808 775
3 619 561 504
3 455 363 295
3 250 141 66
3 1 9803 9729
3 9643 9621 9485
3 9437 9403 9392
3 9253 9199 9104
3 8995 8829 8792
3 8708 8688 8669
3 8399 8283 8107
3 8007 7918 7635
3 7517 7462 7207
3 6975 6801 6755
3 6687 6641 6599
3 6548 6487 6423
3 6262 6100 6099
3 6062 5866 5799
3 5781 5768 5765
3 5660 5655 5412
3 5358 4888 4429
3 4277 3948 3835
3 3820 3774 3683
3 3660 3640 3622
3 3565 3315 3260
3 3171 2972 2864
3 2796 2792 2724
3 2631 2605 2530
3 2479 2397 2244
3 2208 2003 1981
3 1968 1655 1531
3 1078 765 762
3 681 578 496
3 469 434 382
3 9945 9781 9763
3 9728 9377 9174
3 9130 9054 8966
3 8942 8774 8719
3 8551 8526 8269
3 8181 8016 7979
3 7892 7681 7593
3 7591 7587 7568
3 7352 7295 7265
3 7254 7049 6979
3 6837 6836 6625
3 6610 6388 6249
3 6169 6135 6120
3 5580 5302 5289
3 5185 5091 5054
3 5053 4993 4816
3 4568 4540 4503
3 4433 4119 3971
3 3638 3634 3598
3 3458 3366 2857
3 2838 2794 2744
3 2704 2666 2468
3 2336 2225 2178
3 2021 2001 1633
3 1328 785 715
3 704 614 612
3 601 254 239
3 187 9872 9867
3 9789 9563 9424
3 9352 9219 9160
3 9108 9039 8962
3 8899 8878 8657
3 8586 8351 8236
3 8078 7913 7891
3 7620 7539 7288
3 7164 6810 6706
3 6286 6044 5974
3 5956 5946 5914
3 5894 5842 5692
3 5242 5224 5196
3 5129 4844 4756
3 4674 4492 4353
3 4127 4037 4005
3 3995 3918 3856
3 3729 3666 3172
3 3159 3066 2976
3 2970 2630 2371
3 2275 2270 2084
3 2067 1794 1733
3 1459 1421 1386
3 1294 1103 1088
3 1083 1008 979
3 505 277 119
3 9926 9677 9244
3 9207 9026 8788
3 8292 7967 7831
3 7737 7380 7370
3 7046 6771 6488
3 6368 6106 6025
3 5852 5688 5670
3 5339 5193 5138
3 5111 4852 4850
3 4735 4700 4531
3 4436 4370 4306
3 4121 4070 3925
3 3848 3668 3560
3 3552 3501 3374
3 3283 3204 3077
3 3009 2902 2678
3 2521 2262 2076
3 1626 1544 1070
3 1057 832 581
3 9792 9544 9513
3 9493 9090 9066
3 9018 9005 8848
3 8844 8547 8377
3 8122 8083 7893
3 7442 7341 7287
3 7263 7038 6723
3 6679 6504 6014
3 5874 5750 5432
3 5369 5303 5217
3 5180 4988 4936
3 4873 4782 4698
3 4530 4515 4341
3 4288 4142 4115
3 4110 3975 3867
3 3731 3528 3392
3 3354 2930 2850
3 2739 2690 2513
3 2327 2316 2249
3 2174 2131 1977
3 1967 1956 1860
3 1366 1263 1155
3 1042 967 966
3 623 606 390
3 9912 9658 9355
3 9249 9211 9180
3 9153 8672 8598
3 8552 8391 8329
3 8274 8099 8023
3 8017 7928 7909
3 7866 7794 7787
3 7760 7739 7649
3 7645 7599 7498
3 7300 7227 7180
3 6888 6807 6507
3 6379 6345 6072
3 5967 5748 5367
3 5353 5256 5012
3 4963 4620 4408
3 4274 4113 4035
3 3953 3909 3741
3 3675 3481 3478
3 3408 3033 2925
3 2474 2411 2251
3 2171 1826 1758
3 1489 1402 1315
3 1267 1189 1005
3 553 503 410
3 262 244 237
3 190 107 9842
3 9462 9444 9206
3 9138 8963 8838
3 8817 8807 8647
3 8522 8436 8422
3 8195 7886 7853
3 7625 7122 7062
3 6982 6734 6684
3 6460 6406 6057
3 6019 5675 5521
3 5485 5454 5407
3 5360 5218 5201
3 5137 5036 4919
3 4795 4618 4458
3 4280 4216 3714
3 3358 3219 3068
3 2967 2860 2557
3 2523 2347 2291
3 2097 1628 1576
3 1539 1490 1338
3 1225 1219 1141
3 1055 809 637
3 475 352 294
3 284 235 9975
3 9951 9902 9798
3 9681 9384 9379
3 9348 9331 9257
3 9017 8827 8528
3 8505 8323 8237
3 7901 7873 7679
3 7657 7570 7389
3 7235 7200 7089
3 6825 6765 6683
3 6660 6105 5995
3 5876 5456 5436
3 5220 5179 4920
3 4834 4658 4317
3 4234 4123 4042
3 4022 3915 3326
3 2888 2829 2717
3 2688 2580 2473
3 2379 2269 1931
3 1741 1645 1506
3 1438 1324 1319
3 1218 1151 1109
3 1018 950 920
3 856 162 140
3 138 9970 9955
3 9700 9661 9427
3 9266 9136 8813
3 8760 8521 8497
3 8213 7771 7535
3 7429 7335 7293
3 7224 7002 6996
3 6950 6829 6817
3 6374 6277 5960
3 5789 5701 5668
3 5661 5499 5491
3 5458 5331 5247
3 5127 5079 4781
3 4697 4500 4409
3 4266 4257 4120
3 4053 3907 3837
3 3768 3612 3500
3 3314 3039 2876
3 2568 1982 1663
3 1054 993 942
3 736 629 242
3 222 9973 9969
3 9903 9786 9616
3 9591 9409 9309
3 9278 8979 8936
3 8906 8620 8536
3 8451 8366 7438
3 7031 7020 6918
3 6806 6707 6670
3 6527 6281 5755
3 5749 5642 5636
3 5554 5464 5395
3 5317 5293 4967
3 4944 4930 4764
3 4761 4243 4128
3 4065 3801 3684
3 3423 3270 3046
3 2801 2790 2720
3 2698 2680 2230
3 2044 1885 1858
3 1805 1803 1515
3 1410 1223 1076
3 957 943 788
3 761 696 632
3 591 519 337
3 248 9950 9622
3 9339 9318 9237
3 9076 8945 8735
3 8319 8291 8254
3 8246 8223 8171
3 8158 8113 7932
3 7801 7571 7350
3 7112 7106 6940
3 6750 6536 6403
3 6274 5936 5798
3 5760 5726 5604
3 5545 5135 5123
3 5021 4645 4519
3 4313 4013 3890
3 3658 3624 3588
3 3349 3290 3179
3 3119 3054 2910
3 2620 2349 2306
3 2248 2204 2042
3 1872 1567 1530
3 1443 1345 1285
3 1243 1217 1068
3 1064 1022 427
3 216 9960 9904
3 9645 9387 9258
3 9236 9045 8913
3 8458 8389 8368
3 8302 8227 8185
3 8100 8090 7670
3 7486 7339 6858
3 6840 6718 6661
3 6114 6073 5943
3 5685 5588 5388
3 5311 5267 5160
3 4868 4684 4583
3 4413 4239 4227
3 4195 4133 4080
3 4012 3763 3762
3 3693 3447 3331
3 3079 3048 2181
3 2018 1995 1745
3 1691 1473 1391
3 1303 1091 570
3 527 492 267
3 196 165 64
3 8 9883 9735
3 9641 9589 9303
3 9254 9178 9037
3 8867 8772 8424
3 8400 7894 7843
3 7476 7421 7185
3 6885 6875 6709
3 6652 6512 6427
3 6378 6272 6239
3 6150 5822 5677
3 5639 5603 5528
3 5309 5027 4895
3 4757 4423 4414
3 4109 4082 3936
3 3446 3400 3111
3 3026 2919 2885
3 2743 2734 2696
3 2476 2332 2299
3 2253 2088 2054
3 1852 1727 1578
3 670 572 510
3 374 220 158
3 74 9764 9347
3 9291 9208 8928
3 8475 8230 8156
3 7854 7646 7377
3 7347 7241 7025
3 6866 6860 6767
3 6543 6518 5709
3 5690 5689 5542
3 5105 5057 5015
3 4547 4360 4300
3 4229 4198 4006
3 3988 3722 3667
3 2997 2660 2561
3 2140 2107 1970
3 1859 1608 1454
3 1435 1346 1337
3 1295 1176 1035
3 928 700 650
3 567 555 9733
3 9723 9628 9470
3 8831 8762 8739
3 8730 8660 8443
3 7897 7773 7611
3 7417 7345 7063
3 6815 6593 6496
3 6458 6438 6321
3 6305 5963 5940
3 5767 5674 5624
3 5543 5537 5296
3 5070 5063 4985
3 4962 4763 4740
3 4728 4610 4533
3 4512 4494 4191
3 4108 3901 3625
3 3494 3471 3328
3 3255 2703 2693
3 2614 2594 2301
3 2224 2100 2075
3 1999 1686 1550
3 1186 1145 812
3 646 609 587
3 380 91 9804
3 9224 9155 9074
3 8882 8832 8748
3 8594 8469 8174
3 7842 7735 7690
3 7493 7401 7398
3 7383 7283 6986
3 6783 6183 6049
3 5969 5888 5734
3 5591 5384 5321
3 5298 5095 5003
3 4642 4309 4028
3 4025 3968 3897
3 3847 3797 3772
3 3734 3360 3251
3 3218 3187 3177
3 3018 2659 2651
3 2238 1582 1474
3 904 9839 9772
3 9662 9469 9393
3 9082 8893 8883
3 8655 8557 8513
3 8495 8345 8278
3 8077 7637 7628
3 7474 7192 7001
3 6395 6285 6282
3 6224 6151 6033
3 5862 5680 5404
3 5222 5176 5009
3 4584 4416 4158
3 3780 3633 3440
3 3427 3363 3310
3 3243 3016 2978
3 2863 2348 2285
3 2176 2052 1890
3 1811 1647 1631
3 1585 1557 1447
3 1355 1320 1183
3 1016 822 777
3 423 391 329
3 260 9943 9934
3 9369 9316 9117
3 9030 8969 8676
3 8219 8170 8062
3 7887 7749 7651
3 7511 7360 7257
3 6930 6644 6535
3 6167 5964 5961
3 5928 5925 5792
3 5691 5568 5495
3 5423 5322 5088
3 4937 4738 4721
3 4712 4417 4122
3 3871 3823 3486
3 3296 3194 3051
3 3019 2955 2897
3 2756 2665 2658
3 2515 2365 2359
3 2229 1850 1829
3 1599 1289 1195
3 1066 880 815
3 763 671 566
3 536 88 9905
3 9811 9794 9788
3 9547 9371 9084
3 8812 8763 8631
3 8595 8532 8503
3 7858 7840 7797
3 7364 7260 7162
3 6945 6881 6880
3 6634 6622 6009
3 5929 5892 5722
3 5479 5473 5364
3 5347 5275 5263
3 4828 4733 4466
3 4441 4422 4365
3 4271 3852 3644
3 3549 3529 3453
3 3434 3414 3158
3 3109 2933 2909
3 2700 2633 2433
3 2352 1864 1862
3 1832 1764 1555
3 1211 1039 607
3 544 299 114
3 112 9800 9696
3 9625 9610 9465
3 9217 9087 9006
3 8265 8221 8087
3 7987 7977 7845
3 7585 7484 7174
3 7171 7156 7120
2 6871 6447
2 6445 6314
2 6108 6069
2 5968 5924
2 5595 5509
2 5493 5365
2 4443 4421
2 4377 4334
2 4272 3680
2 3472 3417
2 3395 3341
2 3157 3064
2 2663 2636
2 2540 2505
2 1989 1911
2 1465 1460
2 1348 1254
2 829 764
2 577 549
2 486 481
2 418 306
2 9991 9886
2 9829 9505
2 9447 9360
2 8820 8569
2 8209 7958
2 7802 7655
2 7458 7392
2 7184 7154
2 6933 6633
2 6556 6470
2 6375 6209
2 6201 6094
2 5985 5837
2 5790 5717
2 5581 5576
2 5437 5417
2 5328 4741
2 4660 4625
2 4507 4445
2 4389 3977
2 3961 3487
2 3415 3350
2 3211 3164
2 3102 3095
2 2966 2931
2 2834 2653
2 2622 2492
2 2211 2126
2 1881 1838
2 1690 1470
2 1182 1107
2 1097 964
2 910 870
2 806 798
2 720 690
2 521 498
2 272 228
2 9774 9448
2 9410 9099
2 9021 8744
2 8661 8600
2 8581 8549
2 8373 7528
2 7465 7327
2 7159 6830
2 6330 6024
2 5516 5215
2 4780 4614
2 4513 4287
2 4218 3450
2 3405 3118
2 2921 2607
2 2363 2122
2 2029 1706
2 1619 1525
2 1511 1477
2 1437 1258
2 1252 1153
2 1113 1102
2 799 641
2 571 485
2 298 202
2 77 9884
2 9693 9324
2 8944 8173
2 8154 8052
2 7949 7513
2 7072 7055
2 6876 6854
2 6808 6787
2 6745 6591
2 6453 6153
2 5786 5297
2 5080 4794
2 4676 4027
2 3637 3346
2 3202 3193
2 3165 3090
2 3084 3025
2 2916 2908
2 2847 2842
2 2681 2569
2 2426 1941
2 1929 1924
2 1813 1588
2 1358 1273
2 1216 997
2 542 9694
2 9673 9669
2 9646 9495
2 9484 9330
2 9226 9139
2 9081 9000
2 8891 8826
2 8805 8749
2 8312 8211
2 8131 7973
2 7719 7311
2 6968 6615
2 6358 6341
2 6082 5887
2 5884 5439
2 5376 5282
2 4938 4384
2 3898 3522
2 3497 3333
2 3138 3073
2 2959 2552
2 2518 2370
2 1395 1158
2 939 448
2 314 309
2 191 9865
2 9814 9601
2 9438 8998
2 8890 8717
2 8703 8681
2 8303 7531
2 7394 7299
2 7246 7125
2 7111 7109
2 6969 6967
2 6947 6912
2 6763 6382
2 6344 6278
2 6179 6081
2 5978 5965
2 5757 5589
2 5428 5351
2 5272 5068
2 5030 4971
2 4575 4486
2 4258 3670
2 3488 3477
2 3279 3254
2 2882 2562
2 2142 2082
2 2013 1944
2 1857 1317
2 1207 1139
2 1095 466
2 9964 9188
2 9120 9046
2 9027 8927
2 8662 8499
2 8257 8008
2 7405 7372
2 7131 6754
2 6186 5788
2 5698 5601
2 5569 5252
2 4609 4393
2 3479 3426
2 3409 3335
2 3150 3080
2 2948 2757
2 2526 2511
2 2049 1499
2 1278 1079
2 1075 805
2 517 515
2 326 315
2 215 106
2 9854 9832
2 9815 9685
2 9255 9212
2 9023 8533
2 8396 8365
2 8356 7871
2 7808 7638
2 7492 7272
2 7081 7066
2 7040 6999
2 6948 6737
2 6708 6579
2 6542 6468
2 6166 6162
2 6154 6101
2 5259 5072
2 4885 4715
2 4710 4205
2 4160 4020
2 4014 3790
2 3700 3600
2 3086 2745
2 2517 2372
2 2175 1947
2 1693 1407
2 1306 1060
2 974 940
2 776 600
2 531 449
2 411 271
2 2 9881
2 9098 8053
2 7857 7527
2 7268 7007
2 6845 6621
2 6619 6416
2 6392 6269
2 6216 5889
2 5877 5286
2 5241 5169
2 5018 4896
2 4829 4797
2 4718 4648
2 4177 4153
2 4148 4077
2 4040 3928
2 3863 3663
2 3240 3091
2 3070 2993
2 2831 2782
2 2725 2587
2 2452 2325
2 2314 2218
2 1168 988
2 961 627
2 308 169
2 9990 9837
2 9506 9233
2 9190 8646
2 8615 8073
2 8039 7916
2 7827 7781
2 7654 7332
2 7258 7245
2 7211 7052
2 6919 6773
2 6749 6401
2 5678 5614
2 5596 5147
2 5055 4846
2 4373 3707
2 3419 3195
2 3117 2936
2 2866 2635
2 2611 2510
2 2168 2108
2 1973 1902
2 1846 1077
2 1000 768
2 759 450
2 175 130
2 12 9478
2 9032 8836
2 8605 8596
2 8331 8248
2 8065 7988
2 7982 7623
2 7047 6354
2 6288 6230
2 6136 5607
2 5117 4737
2 4672 4616
2 4018 3785
2 3669 3577
2 3325 3030
2 2147 1802
2 1579 1547
2 1518 1297
2 672 653
2 638 523
2 338 181
2 41 9706
2 9648 9623
2 9473 9175
2 8933 8881
2 8742 8463
2 8446 8419
2 8381 7900
2 7855 7772
2 7766 7732
2 7656 7433
2 7343 7334
2 7306 7058
2 6924 6905
2 6832 6402
2 5851 5816
2 5740 5469
2 5274 5150
2 5038 4819
2 4802 4701
2 4327 3502
2 3444 3373
2 3222 2821
2 2773 2740
2 2695 2543
2 2066 1635
2 1594 1541
2 1413 895
2 786 323
2 255 9682
2 9479 9312
2 9259 9240
2 9193 8819
2 8560 8559
2 8155 8128
2 7989 7660
2 6921 6751
2 6743 6562
2 6339 6055
2 6018 6006
2 5973 5807
2 4768 4247
2 4002 3813
2 3585 3495
2 3391 3242
2 3217 3210
2 3173 2890
2 2692 2436
2 2420 2200
2 2161 2116
2 1942 1658
2 1597 1580
2 1466 1412
2 1333 1059
2 965 881
2 871 837
2 9821 9145
2 9010 8855
2 8794 8628
2 8610 8429
2 8214 8147
2 7919 7745
2 7381 6868
2 6804 6730
2 6650 6441
2 6435 6143
2 5782 5419
2 5032 4739
2 4444 4184
2 3695 3467
2 3321 3110
2 2551 2504
2 2502 2424
2 2415 1575
2 1082 1020
2 695 686
2 72 51
2 38 9890
2 9634 9434
2 9375 9345
2 9298 9051
2 9041 9020
2 8713 8624
2 8540 8415
2 8251 8228
2 7872 7626
2 7431 7279
2 7239 7061
2 7015 6797
2 6753 6474
2 6142 6065
2 5921 5742
2 5273 5238
2 5188 5133
2 4956 4269
2 4059 3916
2 3503 3492
2 3348 3027
2 2797 2597
2 2537 2522
2 1882 1808
2 1521 1478
2 269 9981
2 9851 9536
2 9322 9050
2 8972 8951
2 8768 8474
2 8104 7270
2 6939 6788
2 6400 6284
2 6088 5915
2 5890 5811
2 5463 5299
2 5225 5120
2 4813 4666
2 4602 4464
2 4157 4050
2 3338 3220
2 3133 3057
2 3049 3041
2 2906 2839
2 2157 1581
2 1559 1198
2 697 677
2 161 9500
2 9474 9386
2 9107 9060
2 8685 8604
2 8599 8359
2 7716 7668
2 7564 7342
2 7321 7179
2 6714 6618
2 6390 6343
2 6337 6212
2 6109 6054
2 6007 6000
2 5512 5141
2 4806 4641
2 4594 4457
2 4354 3804
2 3759 3671
2 3343 3256
2 2691 2128
2 2051 1854
2 1583 1558
2 1462 1405
2 1187 826
2 734 660
2 626 598
2 394 9869
2 9812 9664
2 9592 9284
2 9248 9245
2 8988 8984
2 8747 8455
2 7467 7266
2 7099 6821
2 6704 6690
2 6606 6570
2 6493 6319
2 5453 5448
2 5333 5099
2 4954 4928
2 4754 4545
2 4505 3623
2 3586 3399
2 2963 2889
2 2823 2439
2 2423 2380
2 1920 1444
2 1162 938
2 814 9715
2 9608 9586
2 9399 9370
2 9281 9176
2 9097 9057
2 8992 8957
2 8761 8695
2 8545 8439
2 8275 8232
2 8203 7848
2 7844 7829
2 7717 7661
2 7652 7481
2 7217 7167
2 6079 6074
2 5819 5814
2 5766 5535
2 5444 4667
2 4379 4263
2 3796 3191
2 3074 2895
2 2603 2121
2 2104 1613
2 1540 1424
2 1298 1238
2 1002 888
2 546 493
2 273 9816
2 9712 9451
2 9319 9239
2 9171 8860
2 8816 8380
2 8304 8012
2 6776 6694
2 6554 6511
2 6508 6039
2 5700 5498
2 5162 5113
2 4769 4762
2 4752 4622
2 4517 4388
2 4231 4165
2 3662 3616
2 3602 3455
2 3329 3259
2 2988 2886
2 2770 2377
2 2202 2186
